[0mPOST /posts/create [36m302[0m 43.921 ms - 36[0m
[0mGET /users/sign-in [36m304[0m 31.681 ms - -[0m
[0mPOST /posts/create [36m302[0m 2.486 ms - 36[0m
[0mGET /users/sign-in [36m304[0m 5.483 ms - -[0m
[0mPOST /posts/create [36m302[0m 2.176 ms - 36[0m
[0mGET /users/sign-in [36m304[0m 4.738 ms - -[0m
[0mPOST /posts/create [36m302[0m 1.244 ms - 36[0m
[0mGET /users/sign-in [36m304[0m 6.867 ms - -[0m
[0mPOST /posts/create [36m302[0m 1.353 ms - 36[0m
[0mGET /users/sign-in [36m304[0m 4.752 ms - -[0m
[0mPOST /posts/create [36m302[0m 1.234 ms - 36[0m
[0mGET /users/sign-in [36m304[0m 5.079 ms - -[0m
[0mGET / [32m200[0m 135.264 ms - 6850[0m
[0mGET /users/sign-in [36m304[0m 5.542 ms - -[0m
[0mGET /users/auth/google [36m302[0m 8.295 ms - 0[0m
[0mGET /users/auth/google/callback?code=4%2F0AfJohXlwuJY1Jfx2eKU-AA_CgFOhXeovbQX5QBEKxPOA4DMZsUHEsWOLNLrTENCoMs6jOg&scope=email+profile+https%3A%2F%2Fwww.googleapis.com%2Fauth%2Fuserinfo.email+openid+https%3A%2F%2Fwww.googleapis.com%2Fauth%2Fuserinfo.profile&authuser=0&prompt=none [36m302[0m 723.638 ms - 46[0m
[0mGET / [32m200[0m 81.499 ms - 10464[0m
[0mPOST /posts/create [32m200[0m 22.657 ms - 272[0m
[0mGET /undefined [33m404[0m 8.379 ms - 148[0m
[0mPOST /comments/create [32m200[0m 36.865 ms - 352[0m
[0mGET /undefined [33m404[0m 6.738 ms - 148[0m
[0mPOST /comments/create [32m200[0m 26.830 ms - 339[0m
[0mGET /undefined [33m404[0m 8.780 ms - 148[0m
[0mPOST /comments/create [32m200[0m 52.698 ms - 339[0m
[0mGET /undefined [33m404[0m 5.476 ms - 148[0m
[0mPOST /likes/toggle/?id=65602838cf5dab69e6e288a5&type=Comment [32m200[0m 16.619 ms - 57[0m
[0mPOST /likes/toggle/?id=65602838cf5dab69e6e288ac&type=Comment [32m200[0m 14.880 ms - 57[0m
[0mPOST /likes/toggle/?id=65602833cf5dab69e6e2889d&type=Comment [32m200[0m 35.767 ms - 57[0m
[0mPOST /likes/toggle/?id=6560282acf5dab69e6e28897&type=Post [32m200[0m 13.754 ms - 57[0m
[0mPOST /likes/toggle/?id=655f2a3018f08a22c945a303&type=Post [31m500[0m 80.428 ms - 35[0m
[0mPOST /likes/toggle/?id=655f2a3018f08a22c945a303&type=Post [31m500[0m 17.914 ms - 35[0m
[0mPOST /likes/toggle/?id=655f2a3818f08a22c945a310&type=Comment [31m500[0m 11.350 ms - 35[0m
[0mPOST /likes/toggle/?id=655f2a3818f08a22c945a310&type=Comment [31m500[0m 13.994 ms - 35[0m
[0mPOST /friends/friendship/add/?toUser=655f7e40baad2e3e2c42adff [36m302[0m 5.580 ms - 36[0m
[0mGET /users/sign-in [36m304[0m 17.701 ms - -[0m
[0mPOST /friends/friendship/add/?toUser=655f2a2718f08a22c945a2fc [36m302[0m 1.438 ms - 36[0m
[0mGET /users/sign-in [36m304[0m 7.155 ms - -[0m
[0mPOST /friends/friendship/add/?toUser=655f2a2718f08a22c945a2fc [36m302[0m 1.579 ms - 36[0m
[0mGET /users/sign-in [36m304[0m 2.079 ms - -[0m
[0mGET /users/profile/655f2a2718f08a22c945a2fc [36m302[0m 5.749 ms - 72[0m
[0mGET /users/sign-in [36m304[0m 8.595 ms - -[0m
[0mGET /users/auth/google [36m302[0m 23.696 ms - 0[0m
[0mGET /users/auth/google/callback?code=4%2F0AfJohXnEwrbKTb_xRHR0dMGRg-hQ49fTyHLdPxGv84RNJLKaC3SYn16GnVTrTTJZWMW5Gg&scope=email+profile+https%3A%2F%2Fwww.googleapis.com%2Fauth%2Fuserinfo.profile+openid+https%3A%2F%2Fwww.googleapis.com%2Fauth%2Fuserinfo.email&authuser=0&prompt=none [36m302[0m 794.930 ms - 46[0m
[0mGET / [32m200[0m 303.866 ms - 15812[0m
[0mGET /users/profile/655f7e40baad2e3e2c42adff [36m304[0m 22.322 ms - -[0m
[0mGET /users/profile/655f2a2718f08a22c945a2fc [32m200[0m 17.361 ms - 3400[0m
[0mPOST /users/update/655f2a2718f08a22c945a2fc [36m302[0m 64.456 ms - 164[0m
[0mGET /users/profile/655f2a2718f08a22c945a2fc [32m200[0m 13.538 ms - 3486[0m
[0mGET / [32m200[0m 73.850 ms - 15881[0m
[0mGET / [32m200[0m 137.455 ms - 10086[0m
[0mGET /favicon.ico [33m404[0m 8.831 ms - 150[0m
[0mGET /users/sign-in [32m200[0m 10.096 ms - 3108[0m
[0mGET /users/auth/google [36m302[0m 2.049 ms - 0[0m
[0mGET /users/auth/google/callback?code=4%2F0AfJohXnhViLd0xUMeyp8xg8RElZRBs4zmi035KR2ELQpJzwmBAJbghuADi2p5tkRfKWwzg&scope=email+profile+https%3A%2F%2Fwww.googleapis.com%2Fauth%2Fuserinfo.profile+https%3A%2F%2Fwww.googleapis.com%2Fauth%2Fuserinfo.email+openid&authuser=0&prompt=consent [36m302[0m 576.753 ms - 46[0m
[0mGET / [32m200[0m 76.586 ms - 15133[0m
[0mPOST /posts/create [32m200[0m 11.500 ms - 279[0m
[0mGET /undefined [33m404[0m 2.230 ms - 148[0m
[0mGET /users/profile/65605c51b6dc741ff11ac902 [32m200[0m 11.536 ms - 3398[0m
[0mPOST /users/update/65605c51b6dc741ff11ac902 [36m302[0m 13.642 ms - 164[0m
[0mGET /users/profile/65605c51b6dc741ff11ac902 [32m200[0m 17.146 ms - 3484[0m
[0mPOST /users/update/65605c51b6dc741ff11ac902 [36m302[0m 13.666 ms - 164[0m
[0mGET /users/profile/65605c51b6dc741ff11ac902 [32m200[0m 11.094 ms - 3484[0m
[0mPOST /users/update/65605c51b6dc741ff11ac902 [36m302[0m 8.521 ms - 164[0m
[0mGET /users/profile/65605c51b6dc741ff11ac902 [36m304[0m 10.485 ms - -[0m
[0mGET / [32m200[0m 42.178 ms - 16883[0m
[0mGET / [32m200[0m 43.885 ms - 11685[0m
[0mGET / [36m304[0m 32.899 ms - -[0m
[0mGET / [36m304[0m 37.014 ms - -[0m
[0mGET / [36m304[0m 28.218 ms - -[0m
[0mGET / [36m304[0m 28.648 ms - -[0m
[0mGET / [36m304[0m 43.827 ms - -[0m
[0mGET / [32m200[0m 33.317 ms - 11649[0m
[0mPOST /friends/friendship/add/?toUser=655f7e40baad2e3e2c42adff [36m302[0m 3.173 ms - 36[0m
[0mGET /users/sign-in [32m200[0m 3.038 ms - 3072[0m
[0mGET /users/sign-in [36m304[0m 3.673 ms - -[0m
[0mGET /users/sign-in [36m304[0m 6.445 ms - -[0m
[0mGET /users/auth/google [36m302[0m 6.739 ms - 0[0m
[0mGET /users/auth/google/callback?code=4%2F0AfJohXm5wXpz-cT8tK9VSOdEe3q07CdC5b_6A0XvUNjR9cLVunuAgxVYJN-5FeIBNheZ7A&scope=email+profile+https%3A%2F%2Fwww.googleapis.com%2Fauth%2Fuserinfo.email+openid+https%3A%2F%2Fwww.googleapis.com%2Fauth%2Fuserinfo.profile&authuser=0&prompt=none [36m302[0m 669.420 ms - 46[0m
[0mGET / [32m200[0m 43.836 ms - 18552[0m
[0mPOST /likes/toggle/?id=65605c62b6dc741ff11ac90e&type=Post [32m200[0m 22.681 ms - 57[0m
[0mPOST /likes/toggle/?id=65602833cf5dab69e6e2889d&type=Comment [32m200[0m 11.495 ms - 56[0m
[0mPOST /likes/toggle/?id=65602838cf5dab69e6e288a5&type=Comment [32m200[0m 7.280 ms - 56[0m
[0mPOST /likes/toggle/?id=65602838cf5dab69e6e288a5&type=Comment [32m200[0m 8.361 ms - 57[0m
[0mPOST /likes/toggle/?id=65602833cf5dab69e6e2889d&type=Comment [32m200[0m 8.061 ms - 57[0m
[0mPOST /likes/toggle/?id=65602838cf5dab69e6e288ac&type=Comment [32m200[0m 7.572 ms - 56[0m
[0mPOST /likes/toggle/?id=65602838cf5dab69e6e288ac&type=Comment [32m200[0m 7.125 ms - 57[0m
[0mPOST /friends/friendship/add/?toUser=65605c51b6dc741ff11ac902 [32m200[0m 20.996 ms - 811[0m
[0mPOST /friends/friendship/add/?toUser=65605c51b6dc741ff11ac902 [33m400[0m 6.090 ms - 75[0m
[0mPOST /friends/friendship/add/?toUser=655f2a2718f08a22c945a2fc [33m400[0m 5.812 ms - 75[0m
[0mPOST /friends/friendship/add/?toUser=655f7e40baad2e3e2c42adff [33m400[0m 3.855 ms - 75[0m
[0mGET / [32m200[0m 36.889 ms - 18733[0m
[0mGET / [36m304[0m 40.970 ms - -[0m
[0mGET / [36m304[0m 46.332 ms - -[0m
[0mPOST /likes/toggle/?id=655f2a3818f08a22c945a310&type=Comment [32m200[0m 25.704 ms - 57[0m
[0mPOST /likes/toggle/?id=655f2a3018f08a22c945a303&type=Post [32m200[0m 18.698 ms - 56[0m
[0mPOST /likes/toggle/?id=655f2a3018f08a22c945a303&type=Post [32m200[0m 17.895 ms - 57[0m
[0mPOST /likes/toggle/?id=6560282acf5dab69e6e28897&type=Post [32m200[0m 22.662 ms - 56[0m
[0mPOST /likes/toggle/?id=6560282acf5dab69e6e28897&type=Post [32m200[0m 11.942 ms - 57[0m
[0mPOST /likes/toggle/?id=65605c62b6dc741ff11ac90e&type=Post [32m200[0m 17.807 ms - 56[0m
[0mPOST /likes/toggle/?id=65605c62b6dc741ff11ac90e&type=Post [32m200[0m 14.800 ms - 57[0m
[0mGET / [32m200[0m 63.459 ms - 18733[0m
[0mPOST /likes/toggle/?id=65602838cf5dab69e6e288a5&type=Comment [32m200[0m 13.361 ms - 56[0m
[0mPOST /likes/toggle/?id=65602838cf5dab69e6e288a5&type=Comment [32m200[0m 15.230 ms - 57[0m
[0mPOST /likes/toggle/?id=65602838cf5dab69e6e288a5&type=Comment [32m200[0m 12.313 ms - 56[0m
[0mPOST /likes/toggle/?id=65602838cf5dab69e6e288a5&type=Comment [32m200[0m 35.792 ms - 57[0m
[0mGET / [36m304[0m 41.758 ms - -[0m
[0mPOST /comments/create [32m200[0m 50.668 ms - 402[0m
[0mPOST /comments/create [32m200[0m 24.400 ms - 398[0m
[0mPOST /posts/create [32m200[0m 8.573 ms - 343[0m
[0mPOST /likes/toggle/?id=65606d2db6dc741ff11aca3e&type=Post [32m200[0m 16.281 ms - 57[0m
[0mPOST /comments/create [32m200[0m 18.694 ms - 408[0m
[0mPOST /likes/toggle/?id=65606d3eb6dc741ff11aca4a&type=Comment [32m200[0m 30.316 ms - 57[0m
[0mPOST /likes/toggle/?id=65605c62b6dc741ff11ac90e&type=Post [32m200[0m 10.948 ms - 56[0m
[0mPOST /likes/toggle/?id=65605c62b6dc741ff11ac90e&type=Post [32m200[0m 12.964 ms - 57[0m
[0mGET /users/sign-out [36m302[0m 9.436 ms - 46[0m
[0mGET / [32m200[0m 49.071 ms - 15199[0m
[0mGET / [32m200[0m 355.724 ms - 14859[0m
[0mGET /users/sign-in [36m304[0m 11.139 ms - -[0m
[0mGET /users/auth/google [36m302[0m 7.013 ms - 0[0m
[0mGET /users/auth/google/callback?code=4%2F0AfJohXmI4ESQgokh0X28rj7fsGjLepnHhXtGtJ1lN_LxMSKmHbFR_YnMwl1EYB7cIO03bg&scope=email+profile+https%3A%2F%2Fwww.googleapis.com%2Fauth%2Fuserinfo.profile+openid+https%3A%2F%2Fwww.googleapis.com%2Fauth%2Fuserinfo.email&authuser=0&prompt=none [36m302[0m 813.287 ms - 46[0m
[0mGET / [32m200[0m 113.762 ms - 24612[0m
[0mGET / [32m200[0m 60.501 ms - 24356[0m
[0mGET / [32m200[0m 38.363 ms - 14888[0m
[0mGET /users/sign-in [32m200[0m 13.211 ms - 3101[0m
[0mGET /users/auth/google [36m302[0m 5.108 ms - 0[0m
[0mGET /users/auth/google/callback?code=4%2F0AfJohXmj5O_tjQeDwEDeUXyES5DaEr9FoSRUY14O24hvk9a4nWYsq8blM7u2r_z0QaoG5g&scope=email+profile+https%3A%2F%2Fwww.googleapis.com%2Fauth%2Fuserinfo.email+openid+https%3A%2F%2Fwww.googleapis.com%2Fauth%2Fuserinfo.profile&authuser=0&prompt=none [36m302[0m 629.330 ms - 46[0m
[0mGET / [32m200[0m 97.504 ms - 22056[0m
[0mGET / [32m200[0m 159.734 ms - 24299[0m
[0mGET / [36m304[0m 62.660 ms - -[0m
[0mGET / [36m304[0m 42.042 ms - -[0m
[0mGET /users/profile/655f7e40baad2e3e2c42adff [32m200[0m 31.834 ms - 3310[0m
[0mGET /users/sign-out [36m302[0m 7.862 ms - 46[0m
[0mGET / [32m200[0m 63.887 ms - 15244[0m
[0mGET /users/sign-in [32m200[0m 8.568 ms - 3101[0m
[0mPOST /users/create-Session [36m302[0m 10.789 ms - 46[0m
[0mGET / [32m200[0m 71.472 ms - 22332[0m
[0mGET /users/profile/655f7e40baad2e3e2c42adff [32m200[0m 19.787 ms - 3355[0m
[0mPOST /users/update/655f7e40baad2e3e2c42adff [36m302[0m 64.736 ms - 164[0m
[0mGET /users/profile/655f7e40baad2e3e2c42adff [32m200[0m 19.352 ms - 3441[0m
[0mGET / [32m200[0m 81.928 ms - 22060[0m
[0mPOST /friends/friendship/add/?toUser=655f2a2718f08a22c945a2fc [33m400[0m 13.478 ms - 75[0m
[0mGET / [36m304[0m 80.158 ms - -[0m
[0mPOST /friends/friendship/add/?toUser=65605c51b6dc741ff11ac902 [33m400[0m 11.536 ms - 75[0m
[0mGET / [36m304[0m 105.495 ms - -[0m
[0mPOST /friends/friendship/add/?toUser=65605c51b6dc741ff11ac902 [33m400[0m 11.768 ms - 75[0m
[0mGET /users/profile/65605c51b6dc741ff11ac902 [32m200[0m 18.557 ms - 3361[0m
[0mGET /users/profile/65605c51b6dc741ff11ac902 [36m304[0m 11.727 ms - -[0m
[0mGET / [36m304[0m 38.832 ms - -[0m
[0mPOST /friends/friendship/add/?toUser=65605c51b6dc741ff11ac902 [33m400[0m 4.774 ms - 75[0m
[0mGET / [36m304[0m 75.088 ms - -[0m
[0mPOST /likes/toggle/?id=6560282acf5dab69e6e28897&type=Post [32m200[0m 44.179 ms - 57[0m
[0mPOST /likes/toggle/?id=65602838cf5dab69e6e288a5&type=Comment [32m200[0m 21.647 ms - 57[0m
[0mPOST /likes/toggle/?id=65602833cf5dab69e6e2889d&type=Comment [32m200[0m 20.532 ms - 57[0m
[0mPOST /likes/toggle/?id=65602838cf5dab69e6e288ac&type=Comment [32m200[0m 23.779 ms - 57[0m
[0mPOST /likes/toggle/?id=65606ba9b6dc741ff11aca39&type=Comment [32m200[0m 18.704 ms - 57[0m
[0mPOST /friends/friendship/add/?toUser=65605c51b6dc741ff11ac902 [33m400[0m 10.814 ms - 75[0m
[0mPOST /friends/friendship/add/?toUser=65605c51b6dc741ff11ac902 [33m400[0m 10.145 ms - 75[0m
[0mPOST /friends/friendship/add/?toUser=65605c51b6dc741ff11ac902 [33m400[0m 9.780 ms - 75[0m
[0mPOST /friends/friendship/add/?toUser=65605c51b6dc741ff11ac902 [33m400[0m 9.659 ms - 75[0m
[0mPOST /friends/friendship/add/?toUser=65605c51b6dc741ff11ac902 [33m400[0m 10.700 ms - 75[0m
[0mPOST /friends/friendship/add/?toUser=65605c51b6dc741ff11ac902 [33m400[0m 10.946 ms - 75[0m
[0mGET / [32m200[0m 68.841 ms - 22060[0m
[0mGET / [36m304[0m 40.381 ms - -[0m
[0mGET / [36m304[0m 57.554 ms - -[0m
[0mGET / [36m304[0m 54.427 ms - -[0m
[0mGET / [36m304[0m 41.204 ms - -[0m
[0mGET / [36m304[0m 41.062 ms - -[0m
[0mGET / [36m304[0m 36.975 ms - -[0m
[0mGET / [32m200[0m 65.259 ms - 22144[0m
[0mPOST /likes/toggle/?id=655f2a3018f08a22c945a303&type=Post [32m200[0m 24.081 ms - 56[0m
[0mPOST /likes/toggle/?id=655f2a3018f08a22c945a303&type=Post [32m200[0m 18.752 ms - 57[0m
[0mGET / [36m304[0m 36.065 ms - -[0m
[0mGET / [32m200[0m 36.806 ms - 22064[0m
[0mGET / [36m304[0m 61.789 ms - -[0m
[0mGET / [32m200[0m 47.175 ms - 22051[0m
[0mGET / [36m304[0m 39.986 ms - -[0m
[0mGET / [32m200[0m 38.085 ms - 22133[0m
[0mGET / [36m304[0m 47.693 ms - -[0m
[0mGET / [36m304[0m 123.659 ms - -[0m
[0mGET / [36m304[0m 52.878 ms - -[0m
[0mGET / [32m200[0m 46.003 ms - 22055[0m
[0mGET / [32m200[0m 47.225 ms - 22068[0m
[0mGET / [36m304[0m 36.250 ms - -[0m
[0mGET / [32m200[0m 52.948 ms - 22081[0m
[0mGET / [36m304[0m 45.666 ms - -[0m
[0mGET / [36m304[0m 39.506 ms - -[0m
[0mGET / [36m304[0m 48.034 ms - -[0m
[0mPOST /likes/toggle/?id=65606d2db6dc741ff11aca3e&type=Post [32m200[0m 43.535 ms - 57[0m
